Arguments: 
  /usr/local/lib/node_modules/node/bin/node /usr/local/Cellar/yarn/1.22.17/libexec/bin/yarn.js init

PATH: 
  /usr/local/lib:/Applications/Xcode.app/Contents/Developer/Library/Frameworks/Python3.framework/Versions/3.9/bin:/usr/local/mysql/bin:/usr/local/opt/ruby/bin:/Applications/HBuilderX.app/Contents/MacOS/cli:/Users/carina/Library/phantomjsbin/phantomjs:/usr/local/bin/npm:/usr/local/lib/node_modules/node/bin:/Library/Frameworks/Python.framework/Versions/2.7/bin:/usr/local/bin:/usr/bin:/bin:/usr/local/lib/node_modules/node/bin:/usr/sbin:/sbin:/usr/local/go/bin:/opt/X11/bin:/Library/Apple/usr/bin:/usr/local/lib:/Applications/Xcode.app/Contents/Developer/Library/Frameworks/Python3.framework/Versions/3.9/bin:/usr/local/mysql/bin:/usr/local/opt/ruby/bin:/Applications/HBuilderX.app/Contents/MacOS/cli:/Users/carina/Library/phantomjsbin/phantomjs:/usr/local/bin/npm:/Library/Frameworks/Python.framework/Versions/2.7/bin:/usr/local/lib/node_modules/node:/Users/carina/fvm/default/bin:/Users/carina/Library/Android/sdk/build-tools/25.0.2:/Users/carina/Library/Android/sdk/tools:/Users/carina/Library/Android/sdk/platform-tools:/Users/carina/Library/Android/sdk//platform-tools/:/Users/carina/Library/Android/sdk//cmdline-tools/latest/bin/:/Users/carina/Library/Android/sdk//emulator/:/usr/local/lib/node_modules/node:/Users/carina/fvm/default/bin:/Users/carina/fvm/default/bin:/Users/carina/Library/Android/sdk/build-tools/25.0.2:/Users/carina/Library/Android/sdk/tools:/Users/carina/Library/Android/sdk/platform-tools:/Users/carina/Library/Android/sdk//platform-tools/:/Users/carina/Library/Android/sdk//cmdline-tools/latest/bin/:/Users/carina/Library/Android/sdk//emulator/

Yarn version: 
  1.22.17

Node version: 
  16.20.2

Platform: 
  darwin x64

Trace: 
  Error: canceled
      at Interface.<anonymous> (/usr/local/Cellar/yarn/1.22.17/libexec/lib/cli.js:137143:13)
      at Interface.emit (node:events:513:28)
      at Interface._ttyWrite (node:readline:1085:16)
      at ReadStream.onkeypress (node:readline:291:10)
      at ReadStream.emit (node:events:513:28)
      at emitKeys (node:internal/readline/utils:357:14)
      at emitKeys.next (<anonymous>)
      at ReadStream.onData (node:internal/readline/emitKeypressEvents:61:36)
      at ReadStream.emit (node:events:513:28)
      at addChunk (node:internal/streams/readable:315:12)

npm manifest: 
  No manifest

yarn manifest: 
  No manifest

Lockfile: 
  No lockfile
